<?xml version="1.0" encoding="UTF-8"?>
<!-- Generated by org.testng.reporters.JUnitXMLReporter -->
<testsuite hostname="PC-RSY-1" ignored="0" name="Test" tests="2" failures="1" timestamp="12 Oct 2017 12:46:38 GMT" time="88.699" errors="0">
  <testcase name="testWebHotelApp" time="26.773" classname="tests.Final_HotelApp_Automation"/>
  <testcase name="testWebHotelApp" time="45.489" classname="tests.PopDialogTest">
    <failure type="org.openqa.selenium.NoSuchElementException" message="Unable to locate element: #order_no
For documentation on this error, please visit: http://seleniumhq.org/exceptions/no_such_element.html
Build info: version: &amp;apos;3.6.0&amp;apos;, revision: &amp;apos;6fbf3ec767&amp;apos;, time: &amp;apos;2017-09-27T16:15:26.402Z&amp;apos;
System info: host: &amp;apos;PC-RSY-1&amp;apos;, ip: &amp;apos;192.168.0.3&amp;apos;, os.name: &amp;apos;Windows 10&amp;apos;, os.arch: &amp;apos;amd64&amp;apos;, os.version: &amp;apos;10.0&amp;apos;, java.version: &amp;apos;1.8.0_144&amp;apos;
Driver info: org.openqa.selenium.firefox.FirefoxDriver
Capabilities [{moz:profile=C:\Users\RShetty\AppData\Local\Temp\rust_mozprofile.ioyfEFwXbxsM, rotatable=false, timeouts={implicit=0, pageLoad=300000, script=30000}, pageLoadStrategy=normal, platform=XP, specificationLevel=0, moz:accessibilityChecks=false, acceptInsecureCerts=true, browserVersion=54.0, platformVersion=10.0, moz:processID=26960, browserName=firefox, javascriptEnabled=true, platformName=XP}]
Session ID: dca71b45-a400-45eb-a560-8b2b95ea9edf
*** Element info: {Using=id, value=order_no}">
      <![CDATA[org.openqa.selenium.NoSuchElementException: Unable to locate element: #order_no
For documentation on this error, please visit: http://seleniumhq.org/exceptions/no_such_element.html
Build info: version: '3.6.0', revision: '6fbf3ec767', time: '2017-09-27T16:15:26.402Z'
System info: host: 'PC-RSY-1', ip: '192.168.0.3', os.name: 'Windows 10', os.arch: 'amd64', os.version: '10.0', java.version: '1.8.0_144'
Driver info: org.openqa.selenium.firefox.FirefoxDriver
Capabilities [{moz:profile=C:\Users\RShetty\AppData\Local\Temp\rust_mozprofile.ioyfEFwXbxsM, rotatable=false, timeouts={implicit=0, pageLoad=300000, script=30000}, pageLoadStrategy=normal, platform=XP, specificationLevel=0, moz:accessibilityChecks=false, acceptInsecureCerts=true, browserVersion=54.0, platformVersion=10.0, moz:processID=26960, browserName=firefox, javascriptEnabled=true, platformName=XP}]
Session ID: dca71b45-a400-45eb-a560-8b2b95ea9edf
*** Element info: {Using=id, value=order_no}
	at org.openqa.selenium.remote.http.W3CHttpResponseCodec.createException(W3CHttpResponseCodec.java:185)
	at org.openqa.selenium.remote.http.W3CHttpResponseCodec.decode(W3CHttpResponseCodec.java:120)
	at org.openqa.selenium.remote.http.W3CHttpResponseCodec.decode(W3CHttpResponseCodec.java:49)
	at org.openqa.selenium.remote.HttpCommandExecutor.execute(HttpCommandExecutor.java:164)
	at org.openqa.selenium.remote.service.DriverCommandExecutor.execute(DriverCommandExecutor.java:83)
	at org.openqa.selenium.remote.RemoteWebDriver.execute(RemoteWebDriver.java:586)
	at org.openqa.selenium.remote.RemoteWebDriver.findElement(RemoteWebDriver.java:356)
	at org.openqa.selenium.remote.RemoteWebDriver.findElementById(RemoteWebDriver.java:402)
	at org.openqa.selenium.By$ById.findElement(By.java:218)
	at org.openqa.selenium.remote.RemoteWebDriver.findElement(RemoteWebDriver.java:348)
	at tests.PopDialogTest.testWebHotelApp(PopDialogTest.java:102)
... Removed 29 stack frames]]>
    </failure>
  </testcase> <!-- testWebHotelApp -->
</testsuite> <!-- Test -->
